1.800000000000000044e+00 -3.439336246233531957e-01
1.810000000000000053e+00 -5.411944490008443465e-01
1.820000000000000062e+00 -1.786921728020226752e+00
1.830000000000000071e+00 -4.290923848269046492e-01
1.840000000000000080e+00 -2.280438381395422098e-01
1.850000000000000089e+00 -1.293826389590522430e+00
1.860000000000000098e+00 -3.793084861909041261e-01
1.870000000000000107e+00 -8.781414313266827643e-01
1.880000000000000115e+00 -1.058440749793632785e+00
1.890000000000000124e+00 -1.038226998424171210e+00
1.900000000000000133e+00 -2.568675721195571304e-01
1.910000000000000142e+00 -2.968653864748506122e-01
1.919999999999999929e+00 -1.193065493767558660e+00
1.929999999999999938e+00 4.687973460980432994e-01
1.939999999999999947e+00 -5.108648922632612610e-01
1.949999999999999956e+00 -8.468742611993685943e-01
1.959999999999999964e+00 -6.568510657081743087e-01
1.969999999999999973e+00 -1.107201518433104104e-03
1.979999999999999982e+00 -2.573371996575334331e-01
1.989999999999999991e+00 -2.528269611620199142e-01
2.000000000000000000e+00 -2.568780087528232947e-01
2.010000000000000231e+00 -8.321573377434579033e-01
2.020000000000000018e+00 3.248270453803239199e-01
2.030000000000000249e+00 1.027839155811087535e+00
2.040000000000000036e+00 -9.719794956539742903e-02
2.049999999999999822e+00 6.558610863133003122e-01
2.060000000000000053e+00 9.165966861946088784e-01
2.069999999999999840e+00 -6.238514340534206948e-01
2.080000000000000071e+00 2.746006613051046874e-01
2.089999999999999858e+00 5.465774990600162919e-01
2.100000000000000089e+00 7.031629121437280583e-01
2.109999999999999876e+00 9.375931741345531201e-01
2.120000000000000107e+00 1.556625377596087434e+00
2.129999999999999893e+00 1.422030816158866617e+00
2.140000000000000124e+00 1.064574737745368260e+00
2.149999999999999911e+00 6.369427593504216611e-01
2.160000000000000142e+00 2.103774613254805637e+00
2.169999999999999929e+00 1.586364788266134251e+00
2.180000000000000160e+00 1.249552398935583675e+00
2.189999999999999947e+00 7.352760172702424990e-01
2.200000000000000178e+00 2.263753745110143045e-01
2.209999999999999964e+00 1.111828977317932843e+00
2.220000000000000195e+00 1.166616905951892269e+00
2.229999999999999982e+00 1.612929041724359136e+00
2.240000000000000213e+00 1.994541950872867897e+00
2.250000000000000000e+00 1.145213869861919642e+00
2.260000000000000231e+00 1.051276726820239205e+00
2.270000000000000018e+00 1.825453731373403610e+00
2.280000000000000249e+00 1.335591342336986953e+00
2.290000000000000036e+00 1.417283340861665186e+00
2.300000000000000266e+00 4.104180560996513183e-01
2.310000000000000053e+00 3.355802416119320064e-01
2.319999999999999840e+00 1.392713141302492019e+00
2.330000000000000071e+00 9.718874510189796645e-01
2.339999999999999858e+00 1.673027931236661825e+00
2.350000000000000089e+00 5.722684311635641841e-01
2.359999999999999876e+00 1.474152460134790843e+00
2.370000000000000107e+00 3.690243379800370871e-01
2.379999999999999893e+00 7.706587871985807192e-01
2.390000000000000124e+00 9.597370965896590000e-01
2.399999999999999911e+00 4.938116767939523255e-01
2.410000000000000142e+00 1.453899837783243720e+00
2.419999999999999929e+00 8.226176034633216894e-01
2.430000000000000160e+00 6.022638129054925793e-01
2.439999999999999947e+00 -1.392735146571801308e-01
2.450000000000000178e+00 -1.720833250976334661e-01
2.459999999999999964e+00 7.021096712911522042e-01
2.470000000000000195e+00 -5.640871472793143049e-01
2.479999999999999982e+00 -3.904561155036953557e-02
2.490000000000000213e+00 -2.365018376381514686e-01
2.500000000000000000e+00 7.852872108160253717e-01
2.510000000000000231e+00 -4.251941457464575858e-01
2.520000000000000018e+00 2.526664513941440648e-01
2.530000000000000249e+00 -6.691141503818416325e-01
2.540000000000000036e+00 3.267212775811928482e-01
2.550000000000000266e+00 -5.858040750943318553e-01
2.560000000000000053e+00 4.424996442372436389e-01
2.569999999999999840e+00 -5.167638038933086708e-01
2.580000000000000071e+00 5.415691876177967101e-01
2.589999999999999858e+00 -1.019993482909095528e+00
2.600000000000000089e+00 -3.253508582007579863e-01
2.609999999999999876e+00 -1.491159690582108510e+00
2.620000000000000107e+00 -9.916089512163972497e-01
2.629999999999999893e+00 -1.508630114002571965e+00
2.640000000000000124e+00 -7.839414067092226324e-01
2.649999999999999911e+00 -8.732151090622998213e-01
2.660000000000000142e+00 -1.031543053779437225e+00
2.669999999999999929e+00 -6.196810506986345501e-01
2.680000000000000160e+00 -3.964301079901423330e-01
2.689999999999999947e+00 -2.133579217162584474e-02
2.700000000000000178e+00 -1.320249098420327893e+00
2.709999999999999964e+00 -7.025161424344203986e-01
2.720000000000000195e+00 -8.704867311626164339e-01
2.729999999999999982e+00 -7.674408098741710704e-01
2.740000000000000213e+00 -9.831815378741611822e-01
2.750000000000000000e+00 -7.825522458494114098e-01
2.760000000000000231e+00 -1.056516241956819258e+00
2.770000000000000018e+00 -1.648496309953371597e+00
2.780000000000000249e+00 -1.283695161937033813e+00
2.790000000000000036e+00 -1.332154009746098655e+00
2.800000000000000266e+00 -2.682432398146761265e-01
2.810000000000000053e+00 -8.829359097911773091e-01
2.819999999999999840e+00 -1.883728097529771883e+00
2.830000000000000071e+00 -1.597000933947362089e+00
2.839999999999999858e+00 -4.872300170520181273e-01
2.850000000000000089e+00 -8.263469811129640075e-01
2.859999999999999876e+00 -7.529043937671640041e-01
2.870000000000000107e+00 -9.160228653186524017e-01
2.879999999999999893e+00 -1.165887774539051014e+00
2.890000000000000124e+00 -5.814235179323127278e-01
2.899999999999999911e+00 -2.537197330936557527e-01
2.910000000000000142e+00 -1.143694221865120264e-01
2.919999999999999929e+00 -3.729847092632859740e-01
2.930000000000000160e+00 6.152620709698879420e-01
2.939999999999999947e+00 4.867638535443108982e-01
2.950000000000000178e+00 -8.338185645847713268e-01
2.959999999999999964e+00 4.530983233162418911e-01
2.970000000000000195e+00 -4.654080352788693142e-01
2.979999999999999982e+00 7.006024137617853365e-01
2.990000000000000213e+00 5.209522556430159490e-01
3.000000000000000000e+00 5.920333152587664571e-01
3.010000000000000231e+00 2.102697574990269047e-01
3.020000000000000018e+00 2.039311233190700956e-01
3.030000000000000249e+00 -3.492682305247038488e-02
3.040000000000000036e+00 3.619766012400958410e-01
3.050000000000000266e+00 1.912817670735173781e-01
3.060000000000000053e+00 3.926564287552536392e-02
3.070000000000000284e+00 1.999704672913824310e-01
3.080000000000000071e+00 1.403714840760533988e+00
3.089999999999999858e+00 9.744464261647323156e-01
3.100000000000000089e+00 6.862995738055925887e-01
3.109999999999999876e+00 7.528023246542406843e-01
3.120000000000000107e+00 4.592199653043700369e-01
3.129999999999999893e+00 6.846959607723193120e-01
3.140000000000000124e+00 7.788464005057869066e-01
3.149999999999999911e+00 1.101197068021213532e+00
3.160000000000000142e+00 9.051063478961729469e-01
3.169999999999999929e+00 1.275585663336530118e+00
3.180000000000000160e+00 6.297086649861939334e-01
3.189999999999999947e+00 1.697194262364310813e+00
3.200000000000000178e+00 2.006517857811558336e-01
3.209999999999999964e+00 2.024353024086444464e+00
3.220000000000000195e+00 1.747792173762364509e+00
3.229999999999999982e+00 1.011742037571820241e+00
3.240000000000000213e+00 8.504705605177017569e-01
3.250000000000000000e+00 1.402580663386038484e+00
3.260000000000000231e+00 3.137489954429201200e-01
3.270000000000000018e+00 1.012405936526450390e+00
3.280000000000000249e+00 3.690795474861495729e-01
3.290000000000000036e+00 7.037502395290624602e-01
3.300000000000000266e+00 1.699075328675859975e+00
3.310000000000000053e+00 1.147677803791581796e+00
3.320000000000000284e+00 1.253397023383492348e-01
3.330000000000000071e+00 1.240772899803530116e+00
3.339999999999999858e+00 2.163294546234744153e-01
3.350000000000000089e+00 1.256200474310239734e+00
3.359999999999999876e+00 1.061961535769496479e+00
3.370000000000000107e+00 1.203819362032837237e+00
3.379999999999999893e+00 1.358208565139588320e+00
3.390000000000000124e+00 1.289494360173724541e+00
3.399999999999999911e+00 4.483828522464669564e-01
3.410000000000000142e+00 5.719423987280846111e-01
3.419999999999999929e+00 -2.691009815792866355e-01
3.430000000000000160e+00 -5.443700933813977461e-01
3.439999999999999947e+00 -2.356132478662296692e-01
3.450000000000000178e+00 3.539204147359955033e-01
3.459999999999999964e+00 9.741791327982318727e-01
3.470000000000000195e+00 9.574625471361374318e-01
3.479999999999999982e+00 4.645670797552572950e-02
3.490000000000000213e+00 5.500410056815586701e-01
3.500000000000000000e+00 5.105960374194577073e-02
3.510000000000000231e+00 -5.907530985871111140e-01
3.520000000000000018e+00 -1.116821819847488184e+00
3.530000000000000249e+00 -1.277822547089861593e-01
3.540000000000000036e+00 3.509876776845416990e-01
3.550000000000000266e+00 -4.631745560003418527e-01
3.560000000000000053e+00 -1.092622229702168379e+00
3.570000000000000284e+00 -3.733985425897952126e-01
3.580000000000000071e+00 3.640787328706968085e-01
3.589999999999999858e+00 -5.239606104365597261e-01
3.600000000000000089e+00 -1.300596678170314657e+00
3.609999999999999876e+00 -1.376447750041206675e+00
3.620000000000000107e+00 -4.587512686943913121e-01
3.629999999999999893e+00 -1.680298636704874449e-01
3.640000000000000124e+00 -6.116404007199625070e-01
3.649999999999999911e+00 -4.069788682593392104e-01
3.660000000000000142e+00 -8.782115285748000044e-01
3.669999999999999929e+00 -6.857797610265888855e-01
